<?xml version="1.0" encoding="UTF-8"?>
<coverage generated="1748037115788" clover="3.2.0">
  <project timestamp="1748037115789" name="All files">
    <metrics statements="5" coveredstatements="3" conditionals="0" coveredconditionals="0" methods="2" coveredmethods="1" elements="7" coveredelements="4" complexity="0" loc="5" ncloc="5" packages="1" files="1" classes="1"/>
    <file name="App.jsx" path="C:\Users\Admin\Desktop\emsi\jee\frontendJee\src\App.jsx">
      <metrics statements="5" coveredstatements="3" conditionals="0" coveredconditionals="0" methods="2" coveredmethods="1"/>
      <line num="7" count="4" type="stmt"/>
      <line num="9" count="4" type="stmt"/>
      <line num="10" count="0" type="stmt"/>
      <line num="11" count="0" type="stmt"/>
      <line num="14" count="4" type="stmt"/>
    </file>
  </project>
</coverage>
